Warning: ignoring unsupported tag `ALLOW_UNICODE_NAMES    =' at line 79, file /home/travis/build/Open-Source-Software-Development/class-scheduler/Doxygen.cfg
Warning: ignoring unsupported tag `TOC_INCLUDE_HEADINGS   =' at line 313, file /home/travis/build/Open-Source-Software-Development/class-scheduler/Doxygen.cfg
Warning: ignoring unsupported tag `GROUP_NESTED_COMPOUNDS =' at line 370, file /home/travis/build/Open-Source-Software-Development/class-scheduler/Doxygen.cfg
Warning: ignoring unsupported tag `HIDE_COMPOUND_REFERENCE=' at line 541, file /home/travis/build/Open-Source-Software-Development/class-scheduler/Doxygen.cfg
Warning: ignoring unsupported tag `WARN_AS_ERROR          =' at line 765, file /home/travis/build/Open-Source-Software-Development/class-scheduler/Doxygen.cfg
Warning: Tag `CLANG_ASSISTED_PARSING' at line 1082 of file /home/travis/build/Open-Source-Software-Development/class-scheduler/Doxygen.cfg belongs to an option that was not enabled at compile time.
To avoid this warning please remove this line from your configuration file, upgrade it using "doxygen -u", or recompile doxygen with this feature enabled.
Warning: Tag `CLANG_OPTIONS' at line 1090 of file /home/travis/build/Open-Source-Software-Development/class-scheduler/Doxygen.cfg belongs to an option that was not enabled at compile time.
To avoid this warning please remove this line from your configuration file, upgrade it using "doxygen -u", or recompile doxygen with this feature enabled.
Warning: ignoring unsupported tag `LATEX_EXTRA_STYLESHEET =' at line 1762, file /home/travis/build/Open-Source-Software-Development/class-scheduler/Doxygen.cfg
Warning: ignoring unsupported tag `LATEX_TIMESTAMP        =' at line 1829, file /home/travis/build/Open-Source-Software-Development/class-scheduler/Doxygen.cfg
Warning: ignoring unsupported tag `RTF_SOURCE_CODE        =' at line 1895, file /home/travis/build/Open-Source-Software-Development/class-scheduler/Doxygen.cfg
Warning: ignoring unsupported tag `MAN_SUBDIR             =' at line 1930, file /home/travis/build/Open-Source-Software-Development/class-scheduler/Doxygen.cfg
Warning: ignoring unsupported tag `DOCBOOK_PROGRAMLISTING =' at line 1993, file /home/travis/build/Open-Source-Software-Development/class-scheduler/Doxygen.cfg
Warning: ignoring unsupported tag `PLANTUML_JAR_PATH      =' at line 2422, file /home/travis/build/Open-Source-Software-Development/class-scheduler/Doxygen.cfg
Warning: ignoring unsupported tag `PLANTUML_CFG_FILE      =' at line 2427, file /home/travis/build/Open-Source-Software-Development/class-scheduler/Doxygen.cfg
Warning: ignoring unsupported tag `PLANTUML_INCLUDE_PATH  =' at line 2432, file /home/travis/build/Open-Source-Software-Development/class-scheduler/Doxygen.cfg
Searching for include files...
Searching for example files...
Searching for images...
Searching for dot files...
Searching for msc files...
Searching for dia files...
Searching for files to exclude
Searching for files to process...
Searching for files in directory /home/travis/build/Open-Source-Software-Development/class-scheduler/mysite
Searching for files in directory /home/travis/build/Open-Source-Software-Development/class-scheduler/mysite/mysite
Searching for files in directory /home/travis/build/Open-Source-Software-Development/class-scheduler/mysite/mysite/__pycache__
Searching for files in directory /home/travis/build/Open-Source-Software-Development/class-scheduler/mysite/scheduler
Searching for files in directory /home/travis/build/Open-Source-Software-Development/class-scheduler/mysite/scheduler/migrations
Reading and parsing tag files
Parsing files
Reading /home/travis/build/Open-Source-Software-Development/class-scheduler/mysite/manage.py...
Parsing file /home/travis/build/Open-Source-Software-Development/class-scheduler/mysite/manage.py...
Reading /home/travis/build/Open-Source-Software-Development/class-scheduler/mysite/mysite/__init__.py...
Parsing file /home/travis/build/Open-Source-Software-Development/class-scheduler/mysite/mysite/__init__.py...
Reading /home/travis/build/Open-Source-Software-Development/class-scheduler/mysite/mysite/settings.py...
Parsing file /home/travis/build/Open-Source-Software-Development/class-scheduler/mysite/mysite/settings.py...
Reading /home/travis/build/Open-Source-Software-Development/class-scheduler/mysite/mysite/urls.py...
Parsing file /home/travis/build/Open-Source-Software-Development/class-scheduler/mysite/mysite/urls.py...
Reading /home/travis/build/Open-Source-Software-Development/class-scheduler/mysite/mysite/wsgi.py...
Parsing file /home/travis/build/Open-Source-Software-Development/class-scheduler/mysite/mysite/wsgi.py...
Reading /home/travis/build/Open-Source-Software-Development/class-scheduler/mysite/scheduler/__init__.py...
Parsing file /home/travis/build/Open-Source-Software-Development/class-scheduler/mysite/scheduler/__init__.py...
Reading /home/travis/build/Open-Source-Software-Development/class-scheduler/mysite/scheduler/apps.py...
Parsing file /home/travis/build/Open-Source-Software-Development/class-scheduler/mysite/scheduler/apps.py...
Reading /home/travis/build/Open-Source-Software-Development/class-scheduler/mysite/scheduler/migrations/0001_initial.py...
Parsing file /home/travis/build/Open-Source-Software-Development/class-scheduler/mysite/scheduler/migrations/0001_initial.py...
Reading /home/travis/build/Open-Source-Software-Development/class-scheduler/mysite/scheduler/migrations/__init__.py...
Parsing file /home/travis/build/Open-Source-Software-Development/class-scheduler/mysite/scheduler/migrations/__init__.py...
Reading /home/travis/build/Open-Source-Software-Development/class-scheduler/mysite/scheduler/models.py...
Parsing file /home/travis/build/Open-Source-Software-Development/class-scheduler/mysite/scheduler/models.py...
Reading /home/travis/build/Open-Source-Software-Development/class-scheduler/mysite/scheduler/tests.py...
Parsing file /home/travis/build/Open-Source-Software-Development/class-scheduler/mysite/scheduler/tests.py...
Reading /home/travis/build/Open-Source-Software-Development/class-scheduler/mysite/scheduler/views.py...
Parsing file /home/travis/build/Open-Source-Software-Development/class-scheduler/mysite/scheduler/views.py...
Building group list...
Building directory list...
Building namespace list...
Building file list...
Building class list...
Associating documentation with classes...
Computing nesting relations for classes...
Building example list...
Searching for enumerations...
Searching for documented typedefs...
Searching for members imported via using declarations...
Searching for included using directives...
Searching for documented variables...
Building interface member list...
Building member list...
Searching for friends...
Searching for documented defines...
Computing class inheritance relations...
Computing /home/travis/build/Open-Source-Software-Development/class-scheduler/mysite/scheduler/models.py:9: warning: Compound scheduler::models::Named is not documented.
/home/travis/build/Open-Source-Software-Development/class-scheduler/mysite/scheduler/models.py:76: warning: Compound scheduler::models::UserPreference is not documented.
/home/travis/build/Open-Source-Software-Development/class-scheduler/mysite/scheduler/models.py:46: warning: Compound scheduler::models::PregenSection is not documented.
/home/travis/build/Open-Source-Software-Development/class-scheduler/mysite/scheduler/models.py:41: warning: Compound scheduler::models::Block is not documented.
/home/travis/build/Open-Source-Software-Development/class-scheduler/mysite/scheduler/models.py:12: warning: Compound scheduler::models::Named::Meta is not documented.
/home/travis/build/Open-Source-Software-Development/class-scheduler/mysite/scheduler/models.py:84: warning: Compound scheduler::models::UserConstaint is not documented.
/home/travis/build/Open-Source-Software-Development/class-scheduler/mysite/scheduler/models.py:66: warning: Compound scheduler::models::UserPreferenceOrConstraint::Meta is not documented.
/home/travis/build/Open-Source-Software-Development/class-scheduler/mysite/scheduler/models.py:58: warning: Compound scheduler::models::UserPreferenceOrConstraint is not documented.
/home/travis/build/Open-Source-Software-Development/class-scheduler/mysite/scheduler/models.py:27: warning: Compound scheduler::models::Professor is not documented.
/home/travis/build/Open-Source-Software-Development/class-scheduler/mysite/scheduler/models.py:98: warning: Compound scheduler::models::Section is not documented.
/home/travis/build/Open-Source-Software-Development/class-scheduler/mysite/scheduler/models.py:31: warning: Compound scheduler::models::Course is not documented.
/home/travis/build/Open-Source-Software-Development/class-scheduler/mysite/scheduler/apps.py:4: warning: Compound scheduler::apps::SchedulerConfig is not documented.
/home/travis/build/Open-Source-Software-Development/class-scheduler/mysite/scheduler/models.py:36: warning: Compound scheduler::models::Room is not documented.
/home/travis/build/Open-Source-Software-Development/class-scheduler/mysite/scheduler/migrations/0001_initial.py:7: warning: Compound scheduler::migrations::0001_initial::Migration is not documented.
/home/travis/build/Open-Source-Software-Development/class-scheduler/mysite/scheduler/models.py:107: warning: Compound scheduler::models::Hunk is not documented.
/home/travis/build/Open-Source-Software-Development/class-scheduler/mysite/mysite/settings.py:16: warning: Member BASE_DIR (variable) of namespace mysite::settings is not documented.
/home/travis/build/Open-Source-Software-Development/class-scheduler/mysite/mysite/settings.py:23: warning: Member SECRET_KEY (variable) of namespace mysite::settings is not documented.
/home/travis/build/Open-Source-Software-Development/class-scheduler/mysite/mysite/settings.py:26: warning: Member DEBUG (variable) of namespace mysite::settings is not documented.
/home/travis/build/Open-Source-Software-Development/class-scheduler/mysite/mysite/settings.py:28: warning: Member ALLOWED_HOSTS (variable) of namespace mysite::settings is not documented.
/home/travis/build/Open-Source-Software-Development/class-scheduler/mysite/mysite/settings.py:30: warning: Member LOGIN_REDIRECT_URL (variable) of namespace mysite::settings is not documented.
/home/travis/build/Open-Source-Software-Development/class-scheduler/mysite/mysite/settings.py:34: warning: Member INSTALLED_APPS (variable) of namespace mysite::settings is not documented.
/home/travis/build/Open-Source-Software-Development/class-scheduler/mysite/mysite/settings.py:44: warning: Member MIDDLEWARE (variable) of namespace mysite::settings is not documented.
/home/travis/build/Open-Source-Software-Development/class-scheduler/mysite/mysite/settings.py:54: warning: Member ROOT_URLCONF (variable) of namespace mysite::settings is not documented.
/home/travis/build/Open-Source-Software-Development/class-scheduler/mysite/mysite/settings.py:56: warning: Member TEMPLATES (variable) of namespace mysite::settings is not documented.
/home/travis/build/Open-Source-Software-Development/class-scheduler/mysite/mysite/settings.py:72: warning: Member WSGI_APPLICATION (variable) of namespace mysite::settings is not documented.
/home/travis/build/Open-Source-Software-Development/class-scheduler/mysite/mysite/settings.py:78: warning: Member DATABASES (variable) of namespace mysite::settings is not documented.
/home/travis/build/Open-Source-Software-Development/class-scheduler/mysite/mysite/settings.py:89: warning: Member AUTH_PASSWORD_VALIDATORS (variable) of namespace mysite::settings is not documented.
/home/travis/build/Open-Source-Software-Development/class-scheduler/mysite/mysite/settings.py:108: warning: Member LANGUAGE_CODE (variable) of namespace mysite::settings is not documented.
/home/travis/build/Open-Source-Software-Development/class-scheduler/mysite/mysite/settings.py:110: warning: Member TIME_ZONE (variable) of namespace mysite::settings is not documented.
/home/travis/build/Open-Source-Software-Development/class-scheduler/mysite/mysite/settings.py:112: warning: Member USE_I18N (variable) of namespace mysite::settings is not documented.
/home/travis/build/Open-Source-Software-Development/class-scheduler/mysite/mysite/settings.py:114: warning: Member USE_L10N (variable) of namespace mysite::settings is not documented.
/home/travis/build/Open-Source-Software-Development/class-scheduler/mysite/mysite/settings.py:116: warning: Member USE_TZ (variable) of namespace mysite::settings is not documented.
/home/travis/build/Open-Source-Software-Development/class-scheduler/mysite/mysite/settings.py:122: warning: Member STATIC_URL (variable) of namespace mysite::settings is not documented.
/home/travis/build/Open-Source-Software-Development/class-scheduler/mysite/mysite/urls.py:19: warning: Member urlpatterns (variable) of namespace mysite::urls is not documented.
/home/travis/build/Open-Source-Software-Development/class-scheduler/mysite/mysite/wsgi.py:16: warning: Member application (variable) of namespace mysite::wsgi is not documented.
/home/travis/build/Open-Source-Software-Development/class-scheduler/mysite/scheduler/apps.py:5: warning: Member name (variable) of class scheduler::apps::SchedulerConfig is not documented.
/home/travis/build/Open-Source-Software-Development/class-scheduler/mysite/scheduler/migrations/0001_initial.py:9: warning: Member initial (variable) of class scheduler::migrations::0001_initial::Migration is not documented.
/home/travis/build/Open-Source-Software-Development/class-scheduler/mysite/scheduler/migrations/0001_initial.py:11: warning: Member dependencies (variable) of class scheduler::migrations::0001_initial::Migration is not documented.
/home/travis/build/Open-Source-Software-Development/class-scheduler/mysite/scheduler/migrations/0001_initial.py:15: warning: Member operations (variable) of class scheduler::migrations::0001_initial::Migration is not documented.
/home/travis/build/Open-Source-Software-Development/class-scheduler/mysite/scheduler/models.py:15: warning: Member __str__ (function) of class scheduler::models::Named is not documented.
/home/travis/build/Open-Source-Software-Development/class-scheduler/mysite/scheduler/models.py:10: warning: Member name (variable) of class scheduler::models::Named is not documented.
/home/travis/build/Open-Source-Software-Development/class-scheduler/mysite/scheduler/models.py:13: warning: Member abstract (variable) of class scheduler::models::Named::Meta is not documented.
/home/travis/build/Open-Source-Software-Development/class-scheduler/mysite/scheduler/models.py:15: warning: Member __str__ (function) of class scheduler::models::Named is not documented.
/home/travis/build/Open-Source-Software-Development/class-scheduler/mysite/scheduler/models.py:10: warning: Member name (variable) of class scheduler::models::Named is not documented.
/home/travis/build/Open-Source-Software-Development/class-scheduler/mysite/scheduler/models.py:15: warning: Member __str__ (function) of class scheduler::models::Named is not documented.
/home/travis/build/Open-Source-Software-Development/class-scheduler/mysite/scheduler/models.py:10: warning: Member name (variable) of class scheduler::models::Named is not documented.
/home/travis/build/Open-Source-Software-Development/class-scheduler/mysite/scheduler/models.py:28: warning: Member division (variable) of class scheduler::models::Professor is not documented.
/home/travis/build/Open-Source-Software-Development/class-scheduler/mysite/scheduler/models.py:10: warning: Member name (variable) of class scheduler::models::Named is not documented.
/home/travis/build/Open-Source-Software-Development/class-scheduler/mysite/scheduler/models.py:15: warning: Member __str__ (function) of class scheduler::models::Named is not documented.
/home/travis/build/Open-Source-Software-Development/class-scheduler/mysite/scheduler/models.py:32: warning: Member division (variable) of class scheduler::models::Course is not documented.
/home/travis/build/Open-Source-Software-Development/class-scheduler/mysite/scheduler/models.py:33: warning: Member section_count (variable) of class scheduler::models::Course is not documented.
/home/travis/build/Open-Source-Software-Development/class-scheduler/mysite/scheduler/models.py:10: warning: Member name (variable) of class scheduler::models::Named is not documented.
/home/travis/build/Open-Source-Software-Development/class-scheduler/mysite/scheduler/models.py:15: warning: Member __str__ (function) of class scheduler::models::Named is not documented.
/home/travis/build/Open-Source-Software-Development/class-scheduler/mysite/scheduler/models.py:37: warning: Member division (variable) of class scheduler::models::Room is not documented.
/home/travis/build/Open-Source-Software-Development/class-scheduler/mysite/scheduler/models.py:38: warning: Member room_type (variable) of class scheduler::models::Room is not documented.
/home/travis/build/Open-Source-Software-Development/class-scheduler/mysite/scheduler/models.py:10: warning: Member name (variable) of class scheduler::models::Named is not documented.
/home/travis/build/Open-Source-Software-Development/class-scheduler/mysite/scheduler/models.py:15: warning: Member __str__ (function) of class scheduler::models::Named is not documented.
/home/travis/build/Open-Source-Software-Development/class-scheduler/mysite/scheduler/models.py:42: warning: Member next_block (variable) of class scheduler::models::Block is not documented.
/home/travis/build/Open-Source-Software-Development/class-scheduler/mysite/scheduler/models.py:43: warning: Member paired_with (variable) of class scheduler::models::Block is not documented.
/home/travis/build/Open-Source-Software-Development/class-scheduler/mysite/scheduler/models.py:10: warning: Member name (variable) of class scheduler::models::Named is not documented.
/home/travis/build/Open-Source-Software-Development/class-scheduler/mysite/scheduler/models.py:15: warning: Member __str__ (function) of class scheduler::models::Named is not documented.
/home/travis/build/Open-Source-Software-Development/class-scheduler/mysite/scheduler/models.py:50: warning: Member __str__ (function) of class scheduler::models::PregenSection is not documented.
/home/travis/build/Open-Source-Software-Development/class-scheduler/mysite/scheduler/models.py:47: warning: Member course (variable) of class scheduler::models::PregenSection is not documented.
/home/travis/build/Open-Source-Software-Development/class-scheduler/mysite/scheduler/models.py:48: warning: Member suffix (variable) of class scheduler::models::PregenSection is not documented.
/home/travis/build/Open-Source-Software-Development/class-scheduler/mysite/scheduler/models.py:69: warning: Member __str__ (function) of class scheduler::models::UserPreferenceOrConstraint is not documented.
/home/travis/build/Open-Source-Software-Development/class-scheduler/mysite/scheduler/models.py:72: warning: Member describe (function) of class scheduler::models::UserPreferenceOrConstraint is not documented.
/home/travis/build/Open-Source-Software-Development/class-scheduler/mysite/scheduler/models.py:59: warning: Member left_argument_type (variable) of class scheduler::models::UserPreferenceOrConstraint is not documented.
/home/travis/build/Open-Source-Software-Development/class-scheduler/mysite/scheduler/models.py:60: warning: Member left_argument_id (variable) of class scheduler::models::UserPreferenceOrConstraint is not documented.
/home/travis/build/Open-Source-Software-Development/class-scheduler/mysite/scheduler/models.py:61: warning: Member left_argument_object (variable) of class scheduler::models::UserPreferenceOrConstraint is not documented.
/home/travis/build/Open-Source-Software-Development/class-scheduler/mysite/scheduler/models.py:62: warning: Member right_argument_type (variable) of class scheduler::models::UserPreferenceOrConstraint is not documented.
/home/travis/build/Open-Source-Software-Development/class-scheduler/mysite/scheduler/models.py:63: warning: Member right_argument_id (variable) of class scheduler::models::UserPreferenceOrConstraint is not documented.
/home/travis/build/Open-Source-Software-Development/class-scheduler/mysite/scheduler/models.py:64: warning: Member right_argument_object (variable) of class scheduler::models::UserPreferenceOrConstraint is not documented.
/home/travis/build/Open-Source-Software-Development/class-scheduler/mysite/scheduler/models.py:67: warning: Member abstract (variable) of class scheduler::models::UserPreferenceOrConstraint::Meta is not documented.
/home/travis/build/Open-Source-Software-Development/class-scheduler/mysite/scheduler/models.py:79: warning: Member describe (function) of class scheduler::models::UserPreference is not documented.
/home/travis/build/Open-Source-Software-Development/class-scheduler/mysite/scheduler/models.py:69: warning: Member __str__ (function) of class scheduler::models::UserPreferenceOrConstraint is not documented.
/home/travis/build/Open-Source-Software-Development/class-scheduler/mysite/scheduler/models.py:72: warning: Member describe (function) of class scheduler::models::UserPreferenceOrConstraint is not documented.
/home/travis/build/Open-Source-Software-Development/class-scheduler/mysite/scheduler/models.py:77: warning: Member score (variable) of class scheduler::models::UserPreference is not documented.
/home/travis/build/Open-Source-Software-Development/class-scheduler/mysite/scheduler/models.py:59: warning: Member left_argument_type (variable) of class scheduler::models::UserPreferenceOrConstraint is not documented.
/home/travis/build/Open-Source-Software-Development/class-scheduler/mysite/scheduler/models.py:60: warning: Member left_argument_id (variable) of class scheduler::models::UserPreferenceOrConstraint is not documented.
/home/travis/build/Open-Source-Software-Development/class-scheduler/mysite/scheduler/models.py:61: warning: Member left_argument_object (variable) of class scheduler::models::UserPreferenceOrConstraint is not documented.
/home/travis/build/Open-Source-Software-Development/class-scheduler/mysite/scheduler/models.py:62: warning: Member right_argument_type (variable) of class scheduler::models::UserPreferenceOrConstraint is not documented.
/home/travis/build/Open-Source-Software-Development/class-scheduler/mysite/scheduler/models.py:63: warning: Member right_argument_id (variable) of class scheduler::models::UserPreferenceOrConstraint is not documented.
/home/travis/build/Open-Source-Software-Development/class-scheduler/mysite/scheduler/models.py:64: warning: Member right_argument_object (variable) of class scheduler::models::UserPreferenceOrConstraint is not documented.
/home/travis/build/Open-Source-Software-Development/class-scheduler/mysite/scheduler/models.py:88: warning: Member describe (function) of class scheduler::models::UserConstaint is not documented.
/home/travis/build/Open-Source-Software-Development/class-scheduler/mysite/scheduler/models.py:69: warning: Member __str__ (function) of class scheduler::models::UserPreferenceOrConstraint is not documented.
/home/travis/build/Open-Source-Software-Development/class-scheduler/mysite/scheduler/models.py:72: warning: Member describe (function) of class scheduler::models::UserPreferenceOrConstraint is not documented.
/home/travis/build/Open-Source-Software-Development/class-scheduler/mysite/scheduler/models.py:86: warning: Member is_blacklist (variable) of class scheduler::models::UserConstaint is not documented.
/home/travis/build/Open-Source-Software-Development/class-scheduler/mysite/scheduler/models.py:59: warning: Member left_argument_type (variable) of class scheduler::models::UserPreferenceOrConstraint is not documented.
/home/travis/build/Open-Source-Software-Development/class-scheduler/mysite/scheduler/models.py:60: warning: Member left_argument_id (variable) of class scheduler::models::UserPreferenceOrConstraint is not documented.
/home/travis/build/Open-Source-Software-Development/class-scheduler/mysite/scheduler/models.py:61: warning: Member left_argument_object (variable) of class scheduler::models::UserPreferenceOrConstraint is not documented.
/home/travis/build/Open-Source-Software-Development/class-scheduler/mysite/scheduler/models.py:62: warning: Member right_argument_type (variable) of class scheduler::models::UserPreferenceOrConstraint is not documented.
/home/travis/build/Open-Source-Software-Development/class-scheduler/mysite/scheduler/models.py:63: warning: Member right_argument_id (variable) of class scheduler::models::UserPreferenceOrConstraint is not documented.
/home/travis/build/Open-Source-Software-Development/class-scheduler/mysite/scheduler/models.py:64: warning: Member right_argument_object (variable) of class scheduler::models::UserPreferenceOrConstraint is not documented.
/home/travis/build/Open-Source-Software-Development/class-scheduler/mysite/scheduler/models.py:102: warning: Member __str__ (function) of class scheduler::models::Section is not documented.
/home/travis/build/Open-Source-Software-Development/class-scheduler/mysite/scheduler/models.py:99: warning: Member course (variable) of class scheduler::models::Section is not documented.
/home/travis/build/Open-Source-Software-Development/class-scheduler/mysite/scheduler/models.py:100: warning: Member suffix (variable) of class scheduler::models::Section is not documented.
/home/travis/build/Open-Source-Software-Development/class-scheduler/mysite/scheduler/models.py:113: warning: Member __str__ (function) of class scheduler::models::Hunk is not documented.
/home/travis/build/Open-Source-Software-Development/class-scheduler/mysite/scheduler/models.py:108: warning: Member section (variable) of class scheduler::models::Hunk is not documented.
/home/travis/build/Open-Source-Software-Development/class-scheduler/mysite/scheduler/models.py:109: warning: Member professor (variable) of class scheduler::models::Hunk is not documented.
/home/travis/build/Open-Source-Software-Development/class-scheduler/mysite/scheduler/models.py:110: warning: Member room (variable) of class scheduler::models::Hunk is not documented.
/home/travis/build/Open-Source-Software-Development/class-scheduler/mysite/scheduler/models.py:111: warning: Member block (variable) of class scheduler::models::Hunk is not documented.
class usage relations...
Flushing cached template relations that have become invalid...
Creating members for template instances...
Computing class relations...
Add enum values to enums...
Searching for member function documentation...
Building page list...
Search for main page...
Computing page relations...
Determining the scope of groups...
Sorting lists...
Freeing entry tree
Determining which enums are documented
Computing member relations...
Building full member lists recursively...
Adding members to member groups.
Computing member references...
Inheriting documentation...
Generating disk names...
Adding source references...
Adding xrefitems...
Sorting member lists...
Computing dependencies between directories...
Generating citations page...
Counting data structures...
Resolving user defined references...
Finding anchors and sections in the documentation...
Transferring function references...
Combining using relations...
Adding members to index pages...
Generating style sheet...
Generating search indices...
Generating example documentation...
Generating file sources...
Generating file documentation...
Generating page documentation...
Generating group documentation...
Generating class documentation...
Generating namespace index...
Generating docs for namespace mysite::settings
Generating docs for namespace mysite::urls
Generating docs for namespace mysite::wsgi
Generating docs for compound scheduler::apps::SchedulerConfig...
Generating docs for compound scheduler::migrations::0001_initial::Migration...
Generating docs for compound scheduler::models::Named...
Generating docs for nested compound scheduler::models::Named::Meta...
Generating docs for compound scheduler::models::Division...
Generating docs for compound scheduler::models::RoomType...
Generating docs for compound scheduler::models::Professor...
Generating docs for compound scheduler::models::Course...
Generating docs for compound scheduler::models::Room...
Generating docs for compound scheduler::models::Block...
Generating docs for compound scheduler::models::PregenSection...
Generating docs for compound scheduler::models::UserPreferenceOrConstraint...
Generating docs for nested compound scheduler::models::UserPreferenceOrConstraint::Meta...
Generating docs for compound scheduler::models::UserPreference...
Generating docs for compound scheduler::models::UserConstaint...
Generating docs for compound scheduler::models::Section...
Generating docs for compound scheduler::models::Hunk...
Generating graph info page...
Generating directory documentation...
Generating index page...
Generating page index...
Generating module index...
Generating namespace index...
Generating namespace member index...
Generating annotated compound index...
Generating alphabetical compound index...
Generating hierarchical class index...
Generating member index...
Generating file index...
Generating file member index...
Generating example index...
finalizing index lists...
lookup cache used 56/65536 hits=154 misses=63
finished...
